<?xml version="1.0" encoding="UTF-8"?>
<!-- Generated by org.testng.reporters.JUnitReportReporter -->
<testsuite hostname="Mayank-Macbook.local" failures="0" tests="2" name="com.RestAssuredPractice.GetMethod" time="2.574" errors="0" timestamp="2023-01-25T08:32:31 IST" skipped="0">
  <testcase classname="com.RestAssuredPractice.GetMethod" name="test2_get_method" time="0.120"/>
  <system-out/>
  <testcase classname="com.RestAssuredPractice.GetMethod" name="test1_get_method" time="2.454"/>
  <system-out/>
</testsuite> <!-- com.RestAssuredPractice.GetMethod -->
