<?xml version="1.0" encoding="UTF-8"?>
<!-- Generated by org.testng.reporters.JUnitReportReporter -->
<testsuite hostname="Mayank-Macbook.local" failures="0" tests="3" name="com.RestAssuredPractice.PostMethod" time="3.307" errors="0" timestamp="2023-01-25T23:06:32 IST" skipped="0">
  <testcase classname="com.RestAssuredPractice.PostMethod" name="test2_put_method" time="0.389"/>
  <system-out/>
  <testcase classname="com.RestAssuredPractice.PostMethod" name="test3_delete_method" time="0.602"/>
  <system-out/>
  <testcase classname="com.RestAssuredPractice.PostMethod" name="test1_post_method" time="2.316"/>
  <system-out/>
</testsuite> <!-- com.RestAssuredPractice.PostMethod -->
